Arguments: 
  C:\Program Files\nodejs\node.exe C:\Users\jamez\AppData\Roaming\npm\node_modules\yarn\bin\yarn.js install

PATH: 
  C:\Program Files\Eclipse Adoptium\jdk-11.0.21.9-hotspot\bin;C:\Program Files\Common Files\Oracle\Java\javapath;C:\Program Files (x86)\Common Files\Oracle\Java\javapath;C:\Windows\system32;C:\Windows;C:\Windows\System32\Wbem;C:\Windows\System32\WindowsPowerShell\v1.0\;C:\Windows\System32\OpenSSH\;C:\Program Files\NVIDIA Corporation\NVIDIA NvDLISR;C:\Program Files (x86)\NVIDIA Corporation\PhysX\Common;C:\Program Files\nodejs\;C:\Program Files\Git\cmd;C:\Program Files\GitHub CLI\;C:\Program Files\dotnet\;C:\ProgramData\chocolatey\bin;C:\Users\jamez\scoop\shims;C:\Users\jamez\AppData\Local\Programs\Python\Launcher\;C:\Users\jamez\AppData\Local\Microsoft\WindowsApps;C:\Users\jamez\AppData\Local\Programs\Microsoft VS Code\bin;C:\Users\jamez\AppData\Roaming\npm;C:\Users\jamez\.dotnet\tools;C:\Users\jamez\AppData\Local\Android\Sdk\platform-tools;

Yarn version: 
  1.22.19

Node version: 
  18.18.2

Platform: 
  win32 x64

Trace: 
  Error: EPERM: operation not permitted, unlink 'C:\Users\jamez\workspaces\play\convert-demo\node_modules\@esbuild\win32-x64\esbuild.exe'

npm manifest: 
  {
  	"name": "convert-demo",
  	"version": "0.0.1",
  	"private": true,
  	"scripts": {
  		"dev": "vite dev",
  		"build": "vite build",
  		"preview": "vite preview",
  		"check": "svelte-kit sync && svelte-check --tsconfig ./tsconfig.json",
  		"check:watch": "svelte-kit sync && svelte-check --tsconfig ./tsconfig.json --watch",
  		"lint": "prettier --check . && eslint .",
  		"format": "prettier --write ."
  	},
  	"devDependencies": {
  		"@sveltejs/adapter-auto": "^3.0.0",
  		"@sveltejs/kit": "^2.0.0",
  		"@sveltejs/vite-plugin-svelte": "^3.0.0",
  		"@types/eslint": "^8.56.0",
  		"@typescript-eslint/eslint-plugin": "^7.0.0",
  		"@typescript-eslint/parser": "^7.0.0",
  		"eslint": "^8.56.0",
  		"eslint-config-prettier": "^9.1.0",
  		"eslint-plugin-svelte": "^2.35.1",
  		"prettier": "^3.1.1",
  		"prettier-plugin-svelte": "^3.1.2",
  		"svelte": "^4.2.7",
  		"svelte-check": "^3.6.0",
  		"tslib": "^2.4.1",
  		"typescript": "^5.0.0",
  		"vite": "^5.0.3"
  	},
  	"type": "module",
  	"dependencies": {
  		"@jonibach/convert": "^1.0.11"
  	}
  }

yarn manifest: 
  No manifest

Lockfile: 
  No lockfile
